
Cadence Innovus(TM) Implementation System.
Copyright 2024 Cadence Design Systems, Inc. All rights reserved worldwide.

Version:	v23.14-s088_1, built Fri Feb 28 12:25:44 PST 2025
Options:	
Date:		Mon Aug 18 22:56:10 2025
Host:		raindrop (x86_64 w/Linux 5.14.0-570.35.1.el9_6.x86_64) (4cores*8cpus*Intel(R) Core(TM) i7-10510U CPU @ 1.80GHz 8192KB)
OS:		Red Hat Enterprise Linux 9.6 (Plow)

License:
		[22:56:10.286593] Configured Lic search path (23.02-s006): /home/kevinlevin/cadence/license.dat

		invs	Innovus Implementation System	23.1	checkout succeeded
		8 CPU jobs allowed with the current license(s). Use setMultiCpuUsage to set your required CPU count.
Change the soft stacksize limit to 0.2%RAM (46 mbytes). Set global soft_stack_size_limit to change the value.
Info: Process UID = 11443 / ea5e76bd-2605-44b6-b9a9-9a55ef40301c / 0VvjHKs6cL

**INFO:  MMMC transition support version v31-84 

<CMD> set_global _enable_mmmc_by_default_flow      $CTE::mmmc_default
<CMD> suppressMessage ENCEXT-2799
<CMD> getVersion
[INFO] Loading PVS 22.20 fill procedures
<CMD> win
<CMD> encMessage warning 0
Suppress "**WARN ..." messages.
<CMD> encMessage debug 0
<CMD> is_common_ui_mode
<CMD> restoreDesign /home/kevinlevin/Downloads/asap7_reference_design-main/db/sha256_v19/sha256_v19.enc.dat.tar.gz sha256
#% Begin load design ... (date=08/18 22:57:00, mem=1921.0M)
Set Default Input Pin Transition as 0.1 ps.
Loading design 'sha256' saved by 'Innovus' '19.11-s128_1' on 'Wed Oct 19 18:10:19 2022'.
% Begin Load MMMC data ... (date=08/18 22:57:02, mem=1923.7M)
% End Load MMMC data ... (date=08/18 22:57:02, total cpu=0:00:00.0, real=0:00:00.0, peak res=1924.7M, current mem=1924.7M)
rc_typ_25

Loading LEF file /home/kevinlevin/Downloads/asap7_reference_design-main/db/sha256_v19/sha256_v19.enc.dat/libs/lef/asap7_tech_4x_201209.lef ...

Loading LEF file /home/kevinlevin/Downloads/asap7_reference_design-main/db/sha256_v19/sha256_v19.enc.dat/libs/lef/asap7sc7p5t_28_L_4x_220121a.lef ...
Set DBUPerIGU to M1 pitch 576.

Loading LEF file /home/kevinlevin/Downloads/asap7_reference_design-main/db/sha256_v19/sha256_v19.enc.dat/libs/lef/asap7sc7p5t_28_SL_4x_220121a.lef ...

Loading LEF file /home/kevinlevin/Downloads/asap7_reference_design-main/db/sha256_v19/sha256_v19.enc.dat/libs/lef/asap7sc7p5t_28_R_4x_220121a.lef ...

##  Check design process and node:  
##  Both design process and tech node are not set.

Loading view definition file from /home/kevinlevin/Downloads/asap7_reference_design-main/db/sha256_v19/sha256_v19.enc.dat/viewDefinition.tcl
Reading tc timing library '/home/kevinlevin/Downloads/asap7_reference_design-main/db/sha256_v19/sha256_v19.enc.dat/libs/mmmc/asap7sc7p5t_AO_LVT_TT_nldm_211120.lib' ...
Read 42 cells in library 'asap7sc7p5t_AO_LVT_TT_nldm_211120' 
Reading tc timing library '/home/kevinlevin/Downloads/asap7_reference_design-main/db/sha256_v19/sha256_v19.enc.dat/libs/mmmc/asap7sc7p5t_INVBUF_LVT_TT_nldm_220122.lib' ...
Read 37 cells in library 'asap7sc7p5t_INVBUF_LVT_TT_nldm_211120' 
Reading tc timing library '/home/kevinlevin/Downloads/asap7_reference_design-main/db/sha256_v19/sha256_v19.enc.dat/libs/mmmc/asap7sc7p5t_OA_LVT_TT_nldm_211120.lib' ...
Read 34 cells in library 'asap7sc7p5t_OA_LVT_TT_nldm_211120' 
Reading tc timing library '/home/kevinlevin/Downloads/asap7_reference_design-main/db/sha256_v19/sha256_v19.enc.dat/libs/mmmc/asap7sc7p5t_SEQ_LVT_TT_nldm_220123.lib' ...
Read 33 cells in library 'asap7sc7p5t_SEQ_LVT_TT_nldm_220123' 
Reading tc timing library '/home/kevinlevin/Downloads/asap7_reference_design-main/db/sha256_v19/sha256_v19.enc.dat/libs/mmmc/asap7sc7p5t_SIMPLE_LVT_TT_nldm_211120.lib' ...
**WARN: (TECHLIB-1277):	The attribute 'input_signal_level' has been defined for output pin 'CON'. 'input_signal_level' cannot be defined at this level and is being ignored. (File /home/kevinlevin/Downloads/asap7_reference_design-main/db/sha256_v19/sha256_v19.enc.dat/libs/mmmc/asap7sc7p5t_SIMPLE_LVT_TT_nldm_211120.lib, Line 11387)
**WARN: (TECHLIB-1277):	The attribute 'input_signal_level' has been defined for output pin 'CON'. 'input_signal_level' cannot be defined at this level and is being ignored. (File /home/kevinlevin/Downloads/asap7_reference_design-main/db/sha256_v19/sha256_v19.enc.dat/libs/mmmc/asap7sc7p5t_SIMPLE_LVT_TT_nldm_211120.lib, Line 14287)
Read 56 cells in library 'asap7sc7p5t_SIMPLE_LVT_TT_nldm_211120' 
Reading tc timing library '/home/kevinlevin/Downloads/asap7_reference_design-main/db/sha256_v19/sha256_v19.enc.dat/libs/mmmc/asap7sc7p5t_AO_SLVT_TT_nldm_211120.lib' ...
Read 42 cells in library 'asap7sc7p5t_AO_SLVT_TT_nldm_211120' 
Reading tc timing library '/home/kevinlevin/Downloads/asap7_reference_design-main/db/sha256_v19/sha256_v19.enc.dat/libs/mmmc/asap7sc7p5t_INVBUF_SLVT_TT_nldm_220122.lib' ...
Read 37 cells in library 'asap7sc7p5t_INVBUF_SLVT_TT_nldm_211120' 
Reading tc timing library '/home/kevinlevin/Downloads/asap7_reference_design-main/db/sha256_v19/sha256_v19.enc.dat/libs/mmmc/asap7sc7p5t_OA_SLVT_TT_nldm_211120.lib' ...
Read 34 cells in library 'asap7sc7p5t_OA_SLVT_TT_nldm_211120' 
Reading tc timing library '/home/kevinlevin/Downloads/asap7_reference_design-main/db/sha256_v19/sha256_v19.enc.dat/libs/mmmc/asap7sc7p5t_SEQ_SLVT_TT_nldm_220123.lib' ...
Read 33 cells in library 'asap7sc7p5t_SEQ_SLVT_TT_nldm_220123' 
Reading tc timing library '/home/kevinlevin/Downloads/asap7_reference_design-main/db/sha256_v19/sha256_v19.enc.dat/libs/mmmc/asap7sc7p5t_SIMPLE_SLVT_TT_nldm_211120.lib' ...
**WARN: (TECHLIB-1277):	The attribute 'input_signal_level' has been defined for output pin 'CON'. 'input_signal_level' cannot be defined at this level and is being ignored. (File /home/kevinlevin/Downloads/asap7_reference_design-main/db/sha256_v19/sha256_v19.enc.dat/libs/mmmc/asap7sc7p5t_SIMPLE_SLVT_TT_nldm_211120.lib, Line 11387)
**WARN: (TECHLIB-1277):	The attribute 'input_signal_level' has been defined for output pin 'CON'. 'input_signal_level' cannot be defined at this level and is being ignored. (File /home/kevinlevin/Downloads/asap7_reference_design-main/db/sha256_v19/sha256_v19.enc.dat/libs/mmmc/asap7sc7p5t_SIMPLE_SLVT_TT_nldm_211120.lib, Line 14287)
Read 56 cells in library 'asap7sc7p5t_SIMPLE_SLVT_TT_nldm_211120' 
*** End library_loading (cpu=0.14min, real=0.15min, mem=165.0M, fe_cpu=1.25min, fe_real=1.02min, fe_mem=1964.9M) ***
% Begin Load netlist data ... (date=08/18 22:57:11, mem=1947.7M)
*** Begin netlist parsing (mem=1964.9M) ***
Created 404 new cells from 10 timing libraries.
Reading netlist ...
Backslashed names will retain backslash and a trailing blank character.
Reading verilogBinary netlist '/home/kevinlevin/Downloads/asap7_reference_design-main/db/sha256_v19/sha256_v19.enc.dat/sha256.v.bin'

*** Memory Usage v#2 (Current mem = 1964.867M, initial mem = 839.773M) ***
*** End netlist parsing (cpu=0:00:00.0, real=0:00:00.0, mem=1964.9M) ***
% End Load netlist data ... (date=08/18 22:57:11, total cpu=0:00:00.1, real=0:00:00.0, peak res=1981.4M, current mem=1981.4M)
Set top cell to sha256.
Hooked 404 DB cells to tlib cells.
Starting recursive module instantiation check.
No recursion found.
Building hierarchical netlist for Cell sha256 ...
***** UseNewTieNetMode *****.
*** Netlist is unique.
Set DBUPerIGU to techSite asap7sc7p5t width 864.
** info: there are 637 modules.
** info: there are 9620 stdCell insts.
** info: there are 9620 stdCell insts with at least one signal pin.

*** Memory Usage v#2 (Current mem = 1988.867M, initial mem = 839.773M) ***
*info: set bottom ioPad orient R0
Adjusting Core to Left to: 5.3280. Core to Bottom to: 5.3280.
Start create_tracks
Loading preference file /home/kevinlevin/Downloads/asap7_reference_design-main/db/sha256_v19/sha256_v19.enc.dat/gui.pref.tcl ...
**WARN: (IMPSYT-3004):	Option ConstraintUserXGrid is obsolete and will be removed in future release.  Use 'setFPlanMode -user_define_grid' instead. To avoid this warning and to ensure compatibility with  future releases, please remove the obsolete preference from your script.
**WARN: (IMPSYT-3004):	Option ConstraintUserYGrid is obsolete and will be removed in future release.  Use 'setFPlanMode -user_define_grid' instead. To avoid this warning and to ensure compatibility with  future releases, please remove the obsolete preference from your script.
**WARN: (IMPSYT-3004):	Option ConstraintUserXOffset is obsolete and will be removed in future release.  Use 'setFPlanMode -user_define_grid' instead. To avoid this warning and to ensure compatibility with  future releases, please remove the obsolete preference from your script.
**WARN: (IMPSYT-3004):	Option ConstraintUserYOffset is obsolete and will be removed in future release.  Use 'setFPlanMode -user_define_grid' instead. To avoid this warning and to ensure compatibility with  future releases, please remove the obsolete preference from your script.
**WARN: (IMPSYT-3046):	Unknown preference name "SnapAllCorners".
**WARN: (IMPSYT-3046):	Unknown preference name "UserGridUnit".
**WARN: (IMPSYT-3004):	Option EnableRectilinearDesign is obsolete and will be removed in future release.  Use 'setFPlanMode -enableRectilinearDesign' instead. To avoid this warning and to ensure compatibility with  future releases, please remove the obsolete preference from your script.
**WARN: (IMPSYT-3046):	Unknown preference name "ShowLefLayerName".
**WARN: (IMPSYT-3046):	Unknown preference name "displayViaSize".
**WARN: (IMPSYT-3046):	Unknown preference name "MoveMacrosWithGuide".
**WARN: (IMPSYT-3046):	Unknown preference name "MoveMacrosWithRegion".
**WARN: (IMPSYT-3046):	Unknown preference name "MoveStdCellWithGuide".
**WARN: (IMPSYT-3046):	Unknown preference name "MoveStdCellWithRegion".
**WARN: (IMPSYT-3046):	Unknown preference name "MoveStdCellWithFence".
**WARN: (IMPSYT-3046):	Unknown preference name "MovePreplacedStdCellOnly".
##  Process: 7             (User Set)               
##     Node: (not set)                           

##  Check design process and node:  
##  Design tech node is not set.

Applying the recommended capacitance filtering threshold values for 7nm process node: total_c_th=0, relative_c_th=1 and coupling_c_th=0.1.
	These values will be used by all post-route extraction engines, including TQuantus, IQuantus and Quantus QRC extraction.
	Capacitance filtering mode(-capFilterMode option of the setExtractRCMode) is 'relAndCoup' for all engines.
	The accuracy mode for postRoute effortLevel low extraction will be set to 'high'.
	Default value for EffortLevel(-effortLevel option of the setExtractRCMode) in postRoute extraction mode will be 'medium' if Quantus QRC technology file is specified else 'low'.
**WARN: (IMPTCM-77):	Option "-drouteStartIteration" for command setNanoRouteMode is obsolete and will be removed in a future release. The obsolete option still works in this release but to avoid this warning and to ensure compatibility with future releases, remove the obsolete option from your script.
#WARNING (NRIF-90) Option setNanoRouteMode -route_bottom_routing_layer is obsolete. It will continue to work for the current release. To ensure compatibility with future releases, use option setDesignMode -bottomRoutingLayer instead.
#WARNING (NRIF-91) Option setNanoRouteMode -route_top_routing_layer is obsolete. It will continue to work for the current release. To ensure compatibility with future releases, use option setDesignMode -topRoutingLayer instead.
AAE_INFO: switching setDelayCal -siAware from false to true ...
AAE_INFO: The setting is changed from false to true in setDelayCalMode -SIAware
addRing command will ignore shorts while creating rings.
addRing command will disallow rings to go over rows.
addRing command will consider rows while creating rings.
The ring targets are set to core/block ring wires.
*Info: initialize multi-corner CTS.
Total number of combinational cells: 338
Total number of sequential cells: 66
Total number of tristate cells: 0
Total number of level shifter cells: 0
Total number of power gating cells: 0
Total number of isolation cells: 0
Total number of power switch cells: 0
Total number of pulse generator cells: 0
Total number of always on buffers: 0
Total number of retention cells: 0
Total number of physical cells: 0
List of usable buffers: BUFx10_ASAP7_75t_SL BUFx12_ASAP7_75t_SL BUFx12f_ASAP7_75t_SL BUFx16f_ASAP7_75t_SL BUFx24_ASAP7_75t_SL BUFx2_ASAP7_75t_SL BUFx3_ASAP7_75t_SL BUFx4_ASAP7_75t_SL BUFx5_ASAP7_75t_SL BUFx4f_ASAP7_75t_SL BUFx6f_ASAP7_75t_SL BUFx8_ASAP7_75t_SL HB1xp67_ASAP7_75t_SL HB2xp67_ASAP7_75t_SL BUFx10_ASAP7_75t_L BUFx12_ASAP7_75t_L BUFx12f_ASAP7_75t_L BUFx16f_ASAP7_75t_L BUFx24_ASAP7_75t_L BUFx2_ASAP7_75t_L BUFx3_ASAP7_75t_L BUFx4_ASAP7_75t_L BUFx5_ASAP7_75t_L BUFx4f_ASAP7_75t_L BUFx6f_ASAP7_75t_L BUFx8_ASAP7_75t_L HB1xp67_ASAP7_75t_L
Total number of usable buffers: 27
List of unusable buffers:
Total number of unusable buffers: 0
List of usable inverters: CKINVDCx10_ASAP7_75t_SL CKINVDCx12_ASAP7_75t_SL CKINVDCx11_ASAP7_75t_SL CKINVDCx14_ASAP7_75t_SL CKINVDCx16_ASAP7_75t_SL CKINVDCx20_ASAP7_75t_SL CKINVDCx8_ASAP7_75t_SL CKINVDCx5p33_ASAP7_75t_SL CKINVDCx6p67_ASAP7_75t_SL CKINVDCx9p33_ASAP7_75t_SL INVx11_ASAP7_75t_SL INVx13_ASAP7_75t_SL INVx1_ASAP7_75t_SL INVx2_ASAP7_75t_SL INVx3_ASAP7_75t_SL INVx4_ASAP7_75t_SL INVx5_ASAP7_75t_SL INVx6_ASAP7_75t_SL INVx8_ASAP7_75t_SL INVxp67_ASAP7_75t_SL INVxp33_ASAP7_75t_SL CKINVDCx10_ASAP7_75t_L CKINVDCx12_ASAP7_75t_L CKINVDCx11_ASAP7_75t_L CKINVDCx14_ASAP7_75t_L CKINVDCx16_ASAP7_75t_L CKINVDCx20_ASAP7_75t_L CKINVDCx8_ASAP7_75t_L CKINVDCx5p33_ASAP7_75t_L CKINVDCx6p67_ASAP7_75t_L CKINVDCx9p33_ASAP7_75t_L INVx11_ASAP7_75t_L INVx13_ASAP7_75t_L INVx1_ASAP7_75t_L INVx2_ASAP7_75t_L INVx3_ASAP7_75t_L INVx4_ASAP7_75t_L INVx5_ASAP7_75t_L INVx6_ASAP7_75t_L INVx8_ASAP7_75t_L INVxp67_ASAP7_75t_L INVxp33_ASAP7_75t_L
Total number of usable inverters: 42
List of unusable inverters:
Total number of unusable inverters: 0
List of identified usable delay cells: HB3xp67_ASAP7_75t_SL HB4xp67_ASAP7_75t_SL HB2xp67_ASAP7_75t_L HB3xp67_ASAP7_75t_L HB4xp67_ASAP7_75t_L
Total number of identified usable delay cells: 5
List of identified unusable delay cells:
Total number of identified unusable delay cells: 0
% Begin Load MMMC data post ... (date=08/18 22:57:12, mem=2074.7M)
% End Load MMMC data post ... (date=08/18 22:57:12, total cpu=0:00:00.0, real=0:00:00.0, peak res=2074.7M, current mem=2074.2M)
Reading floorplan file - /home/kevinlevin/Downloads/asap7_reference_design-main/db/sha256_v19/sha256_v19.enc.dat/sha256.fp.gz (mem = 2129.8M).
% Begin Load floorplan data ... (date=08/18 22:57:12, mem=2074.8M)
*info: reset 9751 existing net BottomPreferredLayer and AvoidDetour
Deleting old partition specification.
Set FPlanBox to (0 0 689760 689760)
 ... processed partition successfully.
Reading binary special route file /home/kevinlevin/Downloads/asap7_reference_design-main/db/sha256_v19/sha256_v19.enc.dat/sha256.fp.spr.gz (Created by Innovus v19.11-s128_1 on Wed Oct 19 18:10:17 2022, version: 1)
Convert 0 swires and 0 svias from compressed groups
54 swires and 113 svias were compressed
54 swires and 113 svias were decompressed from small or sparse groups
Ending "Read special route file" (total cpu=0:00:00.0, real=0:00:00.0, peak res=2076.4M, current mem=2076.4M)
There are 25 nets with weight being set
There are 53 nets with bottomPreferredRoutingLayer being set
There are 25 nets with avoidDetour being set
Extracting standard cell pins and blockage ...... 
**WARN: (IMPTR-2108):	For layer M10, the gaps of 13 out of 13 tracks are narrower than 16.000um (space 8.000 + width 8.000).
Type 'man IMPTR-2108' for more detail.
 As a result, your trialRoute congestion could be incorrect.
Pin and blockage extraction finished
% End Load floorplan data ... (date=08/18 22:57:12, total cpu=0:00:00.1, real=0:00:00.0, peak res=2078.3M, current mem=2078.3M)
Reading congestion map file /home/kevinlevin/Downloads/asap7_reference_design-main/db/sha256_v19/sha256_v19.enc.dat/sha256.route.congmap.gz ...
% Begin Load SymbolTable ... (date=08/18 22:57:12, mem=2078.9M)
Un-suppress "**WARN ..." messages.
% End Load SymbolTable ... (date=08/18 22:57:13, total cpu=0:00:00.1, real=0:00:01.0, peak res=2081.2M, current mem=2081.2M)
Loading place ...
% Begin Load placement data ... (date=08/18 22:57:13, mem=2081.2M)
Reading placement file - /home/kevinlevin/Downloads/asap7_reference_design-main/db/sha256_v19/sha256_v19.enc.dat/sha256.place.gz.
** Reading stdCellPlacement_binary (Created by Innovus v19.11-s128_1 on Wed Oct 19 18:10:17 2022, version# 2) ...
Read Views for adaptive view pruning ...
Read 0 views from Binary DB for adaptive view pruning
*** applyConnectGlobalNets disabled.
*** Completed restorePlace (cpu=0:00:00.0 real=0:00:00.0 mem=2129.8M) ***
Total net length = 1.472e+05 (6.494e+04 8.231e+04) (ext = 5.704e+03)
% End Load placement data ... (date=08/18 22:57:13, total cpu=0:00:00.1, real=0:00:00.0, peak res=2082.7M, current mem=2082.7M)
Reading PG file /home/kevinlevin/Downloads/asap7_reference_design-main/db/sha256_v19/sha256_v19.enc.dat/sha256.pg.gz, version#1, (Created by Innovus v19.11-s128_1 on       Wed Oct 19 18:10:17 2022)
*** Completed restorePGFile (cpu=0:00:00.0 real=0:00:00.0 mem=2129.8M) ***
% Begin Load routing data ... (date=08/18 22:57:13, mem=2083.3M)
Reading routing file - /home/kevinlevin/Downloads/asap7_reference_design-main/db/sha256_v19/sha256_v19.enc.dat/sha256.route.gz.
Reading Innovus routing data (Created by Innovus v19.11-s128_1 on Wed Oct 19 18:10:17 2022 Format: 19.1) ...
*** Total 9713 nets are successfully restored.
*** Completed restoreRoute (cpu=0:00:00.2 real=0:00:00.0 mem=2129.8M) ***
% End Load routing data ... (date=08/18 22:57:13, total cpu=0:00:00.2, real=0:00:00.0, peak res=2099.3M, current mem=2099.3M)
TAT_INFO: ::restoreCongMap REAL = 1 : CPU = 0 : MEM = 0.
Reading property file /home/kevinlevin/Downloads/asap7_reference_design-main/db/sha256_v19/sha256_v19.enc.dat/sha256.prop
*** Completed restoreProperty (cpu=0:00:00.0 real=0:00:00.0 mem=2129.8M) ***
Set Default Input Pin Transition as 0.1 ps.
Loading preRoute extraction data from directory '/home/kevinlevin/Downloads/asap7_reference_design-main/db/sha256_v19/sha256_v19.enc.dat/extraction/' ...
Extraction setup Started for TopCell sha256 
Initializing multi-corner RC extraction with 1 active RC Corners ...
Generating auto layer map file.
Importing multi-corner technology file(s) for preRoute extraction...
/home/kevinlevin/Downloads/asap7_reference_design-main/db/sha256_v19/sha256_v19.enc.dat/libs/mmmc/rc_typ_25/qrcTechFile_typ03_scaled4xV06
Generating auto layer map file.

Completed (cpu: 0:00:04.0 real: 0:00:05.0)
Set Shrink Factor to 1.00000
Summary of Active RC-Corners : 
 
 Analysis View: view_tc
    RC-Corner Name        : rc_typ_25
    RC-Corner Index       : 0
    RC-Corner Temperature : 25 Celsius
    RC-Corner Cap Table   : ''
    RC-Corner PreRoute Res Factor         : 1
    RC-Corner PreRoute Cap Factor         : 1
    RC-Corner PostRoute Res Factor        : 1 {1 1 1}
    RC-Corner PostRoute Cap Factor        : 1 {1 1 1}
    RC-Corner PostRoute XCap Factor       : 1 {1 1 1}
    RC-Corner PreRoute Clock Res Factor   : 1	[Derived from postRoute_res (effortLevel low)]
    RC-Corner PreRoute Clock Cap Factor   : 1	[Derived from postRoute_cap (effortLevel low)]
    RC-Corner PostRoute Clock Cap Factor  : 1 {1 1 1} 	[Derived from postRoute_cap (effortLevel low)]
    RC-Corner PostRoute Clock Res Factor  : 1 {1 1 1} 	[Derived from postRoute_res (effortLevel low)]
    RC-Corner PostRoute Clock coupling capacitance Factor : 1 {1 1 1} 
    RC-Corner Technology file: '/home/kevinlevin/Downloads/asap7_reference_design-main/db/sha256_v19/sha256_v19.enc.dat/libs/mmmc/rc_typ_25/qrcTechFile_typ03_scaled4xV06'
Initializing multi-corner resistance tables ...
Default value for postRoute extraction mode's effortLevel (-effortLevel option of setExtractRCMode) changed to 'medium'.
% Begin Loading timing constraints ... (date=08/18 22:57:19, mem=2144.9M)
Reading timing constraints file '/home/kevinlevin/Downloads/asap7_reference_design-main/db/sha256_v19/sha256_v19.enc.dat/mmmc/modes/sdc/sdc.sdc' ...
Current (total cpu=0:01:23, real=0:01:09, peak res=2486.3M, current mem=2486.3M)
sha256
------------------------------------------------------------------------------------
CONSTRAINT READING SUMMARY                                                          
------------------------------------------------------------------------------------
Constraint                                        | Success        | Fail           
------------------------------------------------------------------------------------
set_output_delay                                  | 33             | 0              
set_input_delay                                   | 43             | 0              
set_propagated_clock                              | 2              | 0              
get_clocks                                        | 77             | 0              
create_clock                                      | 1              | 0              
get_ports                                         | 78             | 0              
current_design                                    | 1              | 0              
------------------------------------------------------------------------------------
INFO (CTE): Constraints read successfully.
Ending "Constraint file reading stats" (total cpu=0:00:00.1, real=0:00:00.0, peak res=2500.7M, current mem=2500.7M)
Current (total cpu=0:01:23, real=0:01:09, peak res=2500.7M, current mem=2500.7M)
Reading latency file '/home/kevinlevin/Downloads/asap7_reference_design-main/db/sha256_v19/sha256_v19.enc.dat/mmmc/views/view_tc/latency.sdc' ...
% End Loading timing constraints ... (date=08/18 22:57:19, total cpu=0:00:00.6, real=0:00:00.0, peak res=2518.3M, current mem=2518.3M)
**WARN: (IMPIMEX-10014):	The current design data being restored: '/home/kevinlevin/Downloads/asap7_reference_design-main/db/sha256_v19/sha256_v19.enc.dat' has been saved with an older structure. When restoring a subset of views for this database, derate information for inactive delay corners may be inaccesible in the current session. A newer database structure allows more flexibility for change the active view list in-session. To update the current database, you need to restore the design with all views active - and then the next save will update it to the new model.
delay_tc
Start generating vias ..
#Skip building auto via since it is not turned on.
Via generation completed.
% Begin Load power constraints ... (date=08/18 22:57:20, mem=2524.4M)
'set_default_switching_activity' finished successfully.
% End Load power constraints ... (date=08/18 22:57:20, total cpu=0:00:00.1, real=0:00:00.0, peak res=2525.0M, current mem=2525.0M)
% Begin load AAE data ... (date=08/18 22:57:20, mem=2525.0M)
**WARN: (IMPESI-3505):	setDelayCalMode -eng_copyNetPropToNewNet true (default=true) will be obsoleted along with its sgs2set equivalent.  This parameter will continue to be supported in the current release, but will be removed in the next major release of the software.
AAE DB initialization (MEM=2534.425781 CPU=0:00:00.0 REAL=0:00:00.0) 
**WARN: (IMPESI-641):	Restoring an older version: 3, of persistent AaeDB using a newer version: 9, code is not recommended.
**WARN: (IMPESI-621):	Timing window restoration data eosdb.dat not found. PBA-SI results may not match in save/restore flow.
% End load AAE data ... (date=08/18 22:57:20, total cpu=0:00:00.8, real=0:00:00.0, peak res=2534.4M, current mem=2534.4M)
Restoring CCOpt config...
  Extracting original clock gating for clk...
    clock_tree clk contains 1806 sinks and 0 clock gates.
  Extracting original clock gating for clk done.
  The skew group clk/sdc was created. It contains 1806 sinks and 1 sources.
  The skew group clk/sdc was created. It contains 1806 sinks and 1 sources.
Restoring CCOpt config done.
Total number of combinational cells: 338
Total number of sequential cells: 66
Total number of tristate cells: 0
Total number of level shifter cells: 0
Total number of power gating cells: 0
Total number of isolation cells: 0
Total number of power switch cells: 0
Total number of pulse generator cells: 0
Total number of always on buffers: 0
Total number of retention cells: 0
Total number of physical cells: 0
List of usable buffers: BUFx10_ASAP7_75t_SL BUFx12_ASAP7_75t_SL BUFx12f_ASAP7_75t_SL BUFx16f_ASAP7_75t_SL BUFx24_ASAP7_75t_SL BUFx2_ASAP7_75t_SL BUFx3_ASAP7_75t_SL BUFx4_ASAP7_75t_SL BUFx5_ASAP7_75t_SL BUFx4f_ASAP7_75t_SL BUFx6f_ASAP7_75t_SL BUFx8_ASAP7_75t_SL HB1xp67_ASAP7_75t_SL HB2xp67_ASAP7_75t_SL BUFx10_ASAP7_75t_L BUFx12_ASAP7_75t_L BUFx12f_ASAP7_75t_L BUFx16f_ASAP7_75t_L BUFx24_ASAP7_75t_L BUFx2_ASAP7_75t_L BUFx3_ASAP7_75t_L BUFx4_ASAP7_75t_L BUFx5_ASAP7_75t_L BUFx4f_ASAP7_75t_L BUFx6f_ASAP7_75t_L BUFx8_ASAP7_75t_L HB1xp67_ASAP7_75t_L
Total number of usable buffers: 27
List of unusable buffers:
Total number of unusable buffers: 0
List of usable inverters: CKINVDCx10_ASAP7_75t_SL CKINVDCx12_ASAP7_75t_SL CKINVDCx11_ASAP7_75t_SL CKINVDCx14_ASAP7_75t_SL CKINVDCx16_ASAP7_75t_SL CKINVDCx20_ASAP7_75t_SL CKINVDCx8_ASAP7_75t_SL CKINVDCx5p33_ASAP7_75t_SL CKINVDCx6p67_ASAP7_75t_SL CKINVDCx9p33_ASAP7_75t_SL INVx11_ASAP7_75t_SL INVx13_ASAP7_75t_SL INVx1_ASAP7_75t_SL INVx2_ASAP7_75t_SL INVx3_ASAP7_75t_SL INVx4_ASAP7_75t_SL INVx5_ASAP7_75t_SL INVx6_ASAP7_75t_SL INVx8_ASAP7_75t_SL INVxp67_ASAP7_75t_SL INVxp33_ASAP7_75t_SL CKINVDCx10_ASAP7_75t_L CKINVDCx12_ASAP7_75t_L CKINVDCx11_ASAP7_75t_L CKINVDCx14_ASAP7_75t_L CKINVDCx16_ASAP7_75t_L CKINVDCx20_ASAP7_75t_L CKINVDCx8_ASAP7_75t_L CKINVDCx5p33_ASAP7_75t_L CKINVDCx6p67_ASAP7_75t_L CKINVDCx9p33_ASAP7_75t_L INVx11_ASAP7_75t_L INVx13_ASAP7_75t_L INVx1_ASAP7_75t_L INVx2_ASAP7_75t_L INVx3_ASAP7_75t_L INVx4_ASAP7_75t_L INVx5_ASAP7_75t_L INVx6_ASAP7_75t_L INVx8_ASAP7_75t_L INVxp67_ASAP7_75t_L INVxp33_ASAP7_75t_L
Total number of usable inverters: 42
List of unusable inverters:
Total number of unusable inverters: 0
List of identified usable delay cells: HB3xp67_ASAP7_75t_SL HB4xp67_ASAP7_75t_SL HB2xp67_ASAP7_75t_L HB3xp67_ASAP7_75t_L HB4xp67_ASAP7_75t_L
Total number of identified usable delay cells: 5
List of identified unusable delay cells:
Total number of identified unusable delay cells: 0
**WARN: (IMPCTE-107):	The following globals have been obsoleted since version 19.11-s128_1. They will be removed in the next release. 
timing_enable_default_delay_arc
#% End load design ... (date=08/18 22:57:21, total cpu=0:00:18.8, real=0:00:21.0, peak res=2545.4M, current mem=2544.8M)

*** Summary of all messages that are not suppressed in this session:
Severity  ID               Count  Summary                                  
WARNING   IMPSYT-3004          5  %s                                       
WARNING   IMPSYT-3046         10  Unknown preference name "%s".            
WARNING   IMPESI-621           1  Timing window restoration data eosdb.dat...
WARNING   IMPESI-641           1  Restoring an older version: %d, of persi...
WARNING   IMPESI-3505          1  setDelayCalMode -eng_%s (default=%s) wil...
WARNING   IMPTR-2108           1  For layer M%d, the gaps of %d out of %d ...
WARNING   NRDB-2106            1  Ignoring layer %s MINIMUMCUT rule with W...
WARNING   NRDB-411             3  spacing table for %s %s is already defin...
WARNING   NRIF-90              1  Option setNanoRouteMode -route_bottom_ro...
WARNING   NRIF-91              1  Option setNanoRouteMode -route_top_routi...
WARNING   IMPCTE-107           1  The following globals have been obsolete...
WARNING   IMPTCM-77            1  Option "%s" for command %s is obsolete a...
WARNING   IMPIMEX-10014        1  The current design data being restored: ...
WARNING   TECHLIB-1277         4  The %s '%s' has been defined for %s %s '...
*** Message Summary: 32 warning(s), 0 error(s)

<CMD> setDrawView fplan
<CMD> encMessage warning 1
<CMD> encMessage debug 0
<CMD> zoomBox -8.59250 76.92225 85.42325 161.08650
<CMD> zoomBox -11.44700 69.53900 99.15975 168.55575
<CMD> zoomBox -14.65400 60.77700 115.47175 177.26725
<CMD> zoomBox -18.42675 50.46875 134.66225 187.51600
<CMD> zoomBox -22.86525 38.34125 157.23950 199.57350
<CMD> zoomBox -34.14100 7.10950 215.13900 230.26825
<CMD> zoomBox -41.59600 -23.62125 251.67450 238.91850
<CMD> zoomBox -50.36700 -59.77525 294.65750 249.09525
<CMD> zoomBox -28.96075 40.20675 101.16525 156.69725
<CMD> zoomBox -112.69050 -14.75100 423.89700 268.10500
<CMD> zoomBox -57.84750 16.89625 271.68450 190.60525
<CMD> zoomBox -15.05675 50.68725 187.31725 157.36650
<CMD> zoomBox -2.42950 59.12300 169.58875 149.80050
<CMD> zoomBox 8.30375 66.29350 154.51950 143.36950
<CMD> zoomBox 4.53900 58.37225 176.55775 149.05000
<CMD> setLayerPreference node_misc -isVisible 1
<CMD> setLayerPreference node_track -isVisible 1
<CMD> setLayerPreference node_track -isVisible 0
<CMD> setLayerPreference node_track -isVisible 1
<CMD> setLayerPreference node_track -isVisible 0
<CMD> setLayerPreference node_track -isVisible 1
<CMD> setLayerPreference node_track -isVisible 0
<CMD> setLayerPreference node_track -isVisible 1
<CMD> setLayerPreference node_track -isVisible 0
<CMD> setLayerPreference node_overlay -isVisible 1
<CMD> setLayerPreference congestH -color {#000066 #0000c9 #0053ff #00fcfa #00a953 #53a900 #f9fc00 #ff5300 #ff5858 #ffffff}
<CMD> setLayerPreference congestV -color {#000066 #0000c9 #0053ff #00fcfa #00a953 #53a900 #f9fc00 #ff5300 #ff5858 #ffffff}
<CMD> fit
<CMD> setLayerPreference node_overlay -isVisible 0
<CMD> setLayerPreference node_overlay -isVisible 1
<CMD> fit
<CMD> setLayerPreference node_overlay -isVisible 0
<CMD> setLayerPreference node_overlay -isVisible 1
<CMD> fit
<CMD> setLayerPreference node_overlay -isVisible 0
<CMD> setLayerPreference node_power -isVisible 1
<CMD> setLayerPreference node_power -isVisible 0
<CMD> setLayerPreference node_power -isVisible 1
<CMD> setLayerPreference node_power -isSelectable 1
<CMD> setLayerPreference node_floorplan -isVisible 1
<CMD> setLayerPreference node_row -isVisible 1
<CMD> setLayerPreference node_row -isVisible 0
<CMD> setLayerPreference node_row -isVisible 1
<CMD> setLayerPreference node_row -isVisible 0
<CMD> setLayerPreference node_blockage -isVisible 1
<CMD> setLayerPreference node_blockage -isVisible 0
<CMD> setLayerPreference node_blockage -isVisible 1
<CMD> setLayerPreference node_cell -isVisible 1
<CMD> setLayerPreference node_cell -isVisible 0
<CMD> setLayerPreference node_cell -isVisible 1
<CMD> zoomBox 5.78175 63.00075 193.61925 162.01725
<CMD> zoomBox 57.71650 98.67550 155.76900 150.36275
<CMD> zoomBox 89.62700 119.61275 133.13350 142.54675
<CMD> zoomBox 103.89800 128.05650 123.20250 138.23275
<CMD> zoomBox 110.22975 131.80075 118.79575 136.31625
<CMD> zoomBox 111.63125 132.62950 117.82025 135.89200
<CMD> zoomBox 112.17875 132.95325 117.43925 135.72625
<CMD> zoomBox 110.51675 132.27025 117.79775 136.10825
<CMD> setLayerPreference instanceCell -isVisible 0
<CMD> setLayerPreference instanceCell -isVisible 1
<CMD> setLayerPreference instanceStatus -isVisible 0
<CMD> setLayerPreference instanceStatus -isVisible 1
<CMD> setLayerPreference instanceStatus -isVisible 0
<CMD> setLayerPreference instanceStatus -isVisible 1
<CMD> zoomBox 107.98275 131.29300 118.06000 136.60500
<CMD> zoomBox 106.81300 130.68975 118.66850 136.93925
<CMD> setLayerPreference node_module -isVisible 0
<CMD> setLayerPreference node_module -isVisible 1
<CMD> setLayerPreference instanceStatus -isVisible 0
<CMD> setLayerPreference instanceStatus -isVisible 1
<CMD> setLayerPreference instanceStatus -isVisible 0
<CMD> zoomBox 99.53350 128.16000 122.24500 140.13200
<CMD> zoomBox 85.81750 123.43325 129.32600 146.36825
<CMD> zoomBox 64.47125 114.67275 147.82100 158.60950
<CMD> zoomBox 42.45775 99.59550 178.17950 171.13975
<CMD> zoomBox 6.61300 75.04475 227.61375 191.54275
<CMD> zoomBox -9.77975 63.81725 250.22125 200.87375
<CMD> zoomBox -79.89600 32.94350 279.96725 222.64125
<CMD> setLayerPreference node_module -isVisible 0
<CMD> setLayerPreference node_module -isVisible 1
<CMD> setLayerPreference node_cell -isVisible 0
<CMD> setLayerPreference node_cell -isVisible 1
<CMD> setLayerPreference node_cell -isSelectable 1
<CMD> setLayerPreference node_blockage -isVisible 0
<CMD> setLayerPreference node_blockage -isVisible 1
<CMD> setLayerPreference node_row -isVisible 1
<CMD> setLayerPreference node_row -isVisible 0
<CMD> setLayerPreference node_floorplan -isVisible 0
<CMD> setLayerPreference node_floorplan -isVisible 1
<CMD> setLayerPreference node_partition -isVisible 0
<CMD> setLayerPreference node_partition -isVisible 1
<CMD> setLayerPreference node_power -isVisible 0
<CMD> setLayerPreference node_power -isVisible 1
<CMD> setLayerPreference node_net -isVisible 0
<CMD> setLayerPreference node_net -isVisible 1
<CMD> setLayerPreference node_net -isVisible 0
<CMD> setLayerPreference node_net -isVisible 1
<CMD> setLayerPreference node_net -isVisible 0
<CMD> setLayerPreference node_net -isVisible 1
<CMD> setLayerPreference node_route -isVisible 0
<CMD> setLayerPreference node_route -isVisible 1
<CMD> setLayerPreference node_route -isVisible 0
<CMD> setLayerPreference node_route -isVisible 1
<CMD> setLayerPreference node_layer -isVisible 0
<CMD> setLayerPreference node_layer -isVisible 1
<CMD> setLayerPreference Active -isVisible 0
<CMD> setLayerPreference Active -isVisible 1
<CMD> setLayerPreference V0 -isVisible 0
<CMD> setLayerPreference V0 -isVisible 1
<CMD> setLayerPreference M1 -isVisible 0
<CMD> setLayerPreference M1 -isVisible 1
<CMD> setLayerPreference V2 -isVisible 0
<CMD> setLayerPreference V2 -isVisible 1
<CMD> setLayerPreference V3 -isVisible 0
<CMD> setLayerPreference V3 -isVisible 1
<CMD> setLayerPreference V5 -isVisible 0
<CMD> setLayerPreference V5 -isVisible 1
<CMD> setLayerPreference V6 -isVisible 0
<CMD> setLayerPreference V6 -isVisible 1
<CMD> setLayerPreference M7 -isVisible 0
<CMD> setLayerPreference M7 -isVisible 1
<CMD> setLayerPreference M7 -isVisible 0
<CMD> setLayerPreference M7 -isVisible 1
<CMD> setLayerPreference node_gird -isVisible 1
<CMD> zoomBox 38.18925 69.09350 226.04075 168.11725
<CMD> zoomBox 110.65475 92.41650 194.00575 136.35400
<CMD> zoomBox 142.80825 102.76500 179.79150 122.26025
<CMD> zoomBox 158.78150 107.90600 172.73000 115.25875
<CMD> zoomBox 162.20000 109.48050 169.48175 113.31900
<CMD> zoomBox 157.51800 107.32375 173.92975 115.97500
<CMD> zoomBox 152.23000 104.88800 178.95375 118.97500
<CMD> setLayerPreference node_gird -isVisible 0
<CMD> zoomBox 134.62350 101.38175 185.81775 128.36825
<CMD> zoomBox 111.47900 96.77250 194.84050 140.71550
<CMD> zoomBox 56.55750 85.83450 216.25225 170.01575
<CMD> zoomBox -68.27475 60.56325 237.65025 221.82800
<CMD> zoomBox -308.63075 11.17800 277.42575 320.11100
<CMD> zoomBox -111.33500 59.71125 194.59050 220.97625
<CMD> setDrawView place
<CMD> zoomBox -229.66325 -14.14500 268.48525 248.44825
<CMD> zoomBox -85.94875 54.50750 174.08825 191.58300
<CMD> zoomBox 1.36050 96.21500 116.74050 157.03625
<CMD> zoomBox 40.09975 114.72075 91.29500 141.70775
<CMD> zoomBox 57.30125 122.99375 80.01700 134.96800
<CMD> zoomBox 64.93325 126.66400 75.01300 131.97750
<CMD> zoomBox 68.31925 128.29275 72.79250 130.65075
<CMD> zoomBox 69.34000 128.98275 71.32525 130.02925
<CMD> zoomBox 68.82775 128.63650 72.06075 130.34075
<CMD> zoomBox 68.44200 128.40175 72.91700 130.76075
<CMD> zoomBox 68.93550 128.78225 71.27200 130.01400
<CMD> zoomBox 69.23525 129.01425 70.27250 129.56100
<CMD> zoomBox 69.32000 129.07450 70.06950 129.46950
<CMD> selectWire 69.5400 129.1560 69.6360 129.6960 5 {core_w_mem_inst_w_mem[14][5]}
<CMD> deselectAll
<CMD> selectWire 69.5400 129.1560 69.6360 129.6960 5 {core_w_mem_inst_w_mem[14][5]}
<CMD> zoomBox 68.98600 128.88675 70.67525 129.77725
<CMD> zoomBox 68.43525 128.57825 71.67200 130.28450
<CMD> zoomBox 67.38100 127.98750 73.58200 131.25625
<CMD> zoomBox 65.99525 127.21075 76.09275 132.53350
<CMD> zoomBox 62.73450 125.32325 82.07950 135.52075
<CMD> zoomBox 56.48850 121.70775 93.54825 141.24325
<CMD> zoomBox 40.04525 112.10375 123.56950 156.13250
<CMD> zoomBox 2.98700 90.45975 191.22950 189.68950
<CMD> zoomBox -58.01300 54.83275 302.60100 244.92625
<CMD> zoomBox -177.35650 -43.84975 409.84300 265.68575
<CMD> zoomBox -71.19675 28.07125 289.41725 218.16475
<CMD> deselectAll
<CMD> zoomBox -205.20050 -67.26600 381.99950 242.26975
<CMD> zoomBox -77.11025 13.17100 229.41200 174.75075
<CMD> zoomBox -102.82950 -2.56600 257.78525 187.52800
<CMD> setLayerPreference node_inst -isVisible 1
<CMD> setLayerPreference node_inst -isVisible 0
<CMD> setDrawView place
<CMD> setDrawView place
<CMD> setDrawView ameba
<CMD> setDrawView ameba
<CMD> setDrawView place
<CMD> setDrawView place
<CMD> setLayerPreference node_overlay -isVisible 1
<CMD> fit
<CMD> setLayerPreference node_overlay -isVisible 0
<CMD> setLayerPreference node_overlay -isVisible 1
<CMD> fit
<CMD> setLayerPreference node_cell -isVisible 0
<CMD> setLayerPreference node_cell -isVisible 1
<CMD> setLayerPreference node_floorplan -isVisible 0
<CMD> setLayerPreference node_floorplan -isVisible 1
<CMD> setLayerPreference node_partition -isVisible 0
<CMD> setLayerPreference node_partition -isVisible 1
<CMD> setLayerPreference node_power -isVisible 0
<CMD> setLayerPreference node_power -isVisible 1
<CMD> setLayerPreference node_overlay -isVisible 0
<CMD> setLayerPreference node_overlay -isVisible 1
<CMD> fit
<CMD> setLayerPreference node_overlay -isVisible 0
<CMD> setLayerPreference node_overlay -isVisible 1
<CMD> fit
<CMD> setLayerPreference node_net -isVisible 0
<CMD> setLayerPreference node_net -isVisible 1
<CMD> fit
<CMD> fit
<CMD> fit
<CMD> fit
<CMD> fit
<CMD> zoomBox 7.90125 60.37675 143.61475 131.91650
<CMD> zoomBox 49.71775 87.77425 93.22450 110.70825
<CMD> zoomBox 62.01350 95.81025 78.42250 104.46000
<CMD> zoomBox 66.65675 98.82750 72.84550 102.08975
<CMD> zoomBox 68.22000 99.83250 70.96650 101.28025
<CMD> zoomBox 68.70075 100.13775 70.38825 101.02725
<CMD> zoomBox 68.81575 100.21075 70.25000 100.96675
<CMD> zoomBox 68.89500 100.26850 70.11425 100.91125
<CMD> zoomBox 69.06775 100.39500 69.81700 100.79000
<CMD> zoomBox 69.09975 100.42350 69.73675 100.75925
<CMD> selectVia 69.2440 100.5400 69.3560 100.6280 2 core_n_60538
<CMD> deselectAll
<CMD> selectVia 69.2440 100.5400 69.3560 100.6280 2 core_n_60538
<CMD> deselectAll
<CMD> zoomBox 68.89375 100.33325 69.93100 100.88000
<CMD> zoomBox 68.79975 100.29200 70.02000 100.93525
<CMD> zoomBox 68.40550 100.11875 70.39250 101.16625
<CMD> zoomBox 67.46975 99.70775 71.27675 101.71450
<CMD> zoomBox 66.71775 99.37750 71.98725 102.15525
<CMD> zoomBox 64.23650 98.28800 74.33150 103.60950
<CMD> zoomBox 60.97525 96.85575 77.41325 105.52075
<CMD> zoomBox 53.23650 93.45725 84.72700 110.05700
<CMD> zoomBox 47.01825 90.72600 90.60400 113.70175
<CMD> zoomBox 26.49925 81.71400 109.99625 125.72850
<CMD> zoomBox -0.47325 69.86800 135.48775 141.53825
<CMD> zoomBox -12.80850 64.45050 147.14575 148.76850
<CMD> zoomBox -44.39350 50.57875 176.99650 167.28200
<CMD> zoomBox -88.10975 31.37900 218.31250 192.90600
<CMD> zoomBox -148.61650 4.80525 275.49750 228.37200
<CMD> zoomBox -178.74250 -21.61600 320.21525 241.40375
<CMD> zoomBox -277.76700 -109.40700 412.83225 254.63450
<CMD> zoomBox -225.72475 -72.74800 361.28475 236.68725
<CMD> zoomBox -181.48875 -41.58775 317.46925 221.43225
<CMD> zoomBox -143.88825 -15.10150 280.22625 208.46550
<CMD> zoomBox -111.92775 7.41175 248.56950 197.44375
<CMD> gui_select -rect {-30.84325 149.85750 0.46350 35.58775}
<CMD> deselectAll
<CMD> gui_select -rect {-7.20675 142.03075 3.43775 32.30050}
<CMD> deselectAll
<CMD> gui_select -rect {-5.64125 149.07475 1.71575 32.92675}
<CMD> deselectAll
<CMD> gui_select -rect {185.01675 131.85600 171.86800 39.50125}
<CMD> zoomBox -83.32900 34.06150 223.09375 195.58875
<CMD> zoomBox -59.02000 56.71400 201.43925 194.01200
<CMD> deselectAll
<CMD> zoomBox -12.97900 97.34325 146.97550 181.66150
<CMD> zoomBox 12.61550 122.72350 110.84775 174.50550
<CMD> zoomBox 32.08600 142.03125 83.36425 169.06200
<CMD> zoomBox 43.91475 153.76100 66.66725 165.75475
<CMD> zoomBox 48.42975 158.21925 60.30700 164.48025
<CMD> zoomBox 51.17500 160.91875 56.44550 163.69700
<CMD> zoomBox 52.02150 161.74500 55.25850 163.45125
<CMD> selectWire 53.4240 158.0760 53.4960 163.4040 3 {block_reg[9][9]}
<CMD> zoomBox 52.24600 161.95025 54.99775 163.40075
<CMD> zoomBox 51.45375 161.35425 55.93475 163.71625
<CMD> zoomBox 51.75900 161.68200 55.56800 163.68975
<CMD> zoomBox 52.01850 161.96050 55.25625 163.66725
<CMD> zoomBox 52.42650 162.39850 54.76600 163.63175
<CMD> deselectAll
<CMD> gui_select -rect {53.64250 163.09550 53.21175 163.06175}
<CMD> selectWire 53.4240 158.0760 53.4960 163.4040 3 {block_reg[9][9]}
<CMD> zoomBox 51.43100 161.62150 55.91325 163.98425
<CMD> zoomBox 50.63875 161.07425 56.84250 164.34450
<CMD> zoomBox 52.00350 162.01550 55.24175 163.72250
<CMD> zoomBox 52.71400 162.30150 53.93575 162.94550
<CMD> zoomBox 52.95700 162.41725 53.49950 162.70325
<CMD> zoomBox 53.07425 162.50950 53.31525 162.63650
<CMD> deselectAll
<CMD> selectWire 53.1360 161.0280 53.2080 162.6120 3 FE_OFN30_reset_n
<CMD> zoomBox 52.98100 162.44250 53.44300 162.68600
<CMD> zoomBox 52.99850 162.47275 53.39125 162.67975
<CMD> deselectAll
<CMD> gui_select -rect {53.09000 162.65050 53.26375 162.51250}
<CMD> deselectAll
<CMD> zoomBox 52.76950 162.28275 53.65675 162.75050
<CMD> zoomBox 52.39450 161.97450 54.09425 162.87050
<CMD> zoomBox 51.71575 161.39900 54.97225 163.11575
<CMD> gui_select -rect {52.91600 162.71850 53.77450 162.26450}
<CMD> deselectAll
**ERROR: (IMPSYT-6000):	No Object Selected.
<CMD> gui_select -rect {52.97700 162.66900 53.40550 162.33525}
<CMD> deselectAll
<CMD> zoomBox 50.50075 160.44175 56.74000 163.73075
<CMD> zoomBox 48.90400 159.18550 59.06350 164.54100
<CMD> zoomBox 46.25950 156.87075 62.80275 165.59125
<CMD> zoomBox 43.55550 154.51975 66.45275 166.58975
<CMD> zoomBox 37.43300 149.19700 74.71775 168.85125
<CMD> zoomBox 31.33900 143.89875 82.94475 171.10225
<CMD> zoomBox 22.90400 136.56550 94.33150 174.21775
<CMD> zoomBox 17.54000 131.90225 101.57250 176.19900
<CMD> zoomBox 11.22975 126.41625 110.09150 178.53000
<CMD> zoomBox 3.80575 119.96175 120.11375 181.27225
<CMD> zoomBox -4.92850 112.36850 131.90475 184.49850
<CMD> zoomBox -60.40500 70.85425 162.40575 188.30650
<CMD> zoomBox -115.62425 29.53300 192.76475 192.09675
<CMD> zoomBox -150.55075 3.37375 212.26000 194.62525
<CMD> zoomBox -191.44575 -27.26275 235.39025 197.73900
<CMD> zoomBox -136.92850 -2.01950 225.88225 189.23200
<CMD> zoomBox -94.88950 18.30300 213.49975 180.86675
<CMD> zoomBox -12.51250 66.11600 148.46850 150.97525
<CMD> zoomBox 36.94950 84.97525 108.37800 122.62800
<CMD> zoomBox 52.17250 90.77950 96.03900 113.90325
<CMD> zoomBox 61.52150 94.34425 88.46125 108.54525
<CMD> zoomBox 63.75325 95.19525 86.65225 107.26625
<CMD> zoomBox 68.63375 97.05625 82.69650 104.46925
<CMD> zoomBox 71.63050 98.19850 80.26750 102.75150
<CMD> zoomBox 73.91025 99.06800 78.41925 101.44475
<CMD> zoomBox 74.26950 99.26350 78.10200 101.28375
<CMD> zoomBox 74.57475 99.42975 77.83250 101.14700
<CMD> gui_select -rect {76.40100 100.55575 75.77150 100.33925}
<CMD> deselectAll
<CMD> gui_select -rect {75.81100 100.36325 76.36125 100.52875}
<CMD> deselectAll
**ERROR: (IMPSYT-6000):	No Object Selected.
<CMD> gui_select -rect {76.39250 100.57975 75.75725 100.35475}
<CMD> deselectAll
<CMD> zoomBox 75.12800 100.00125 76.82875 100.89775
<CMD> zoomBox 75.41675 100.29950 76.30500 100.76775
<CMD> zoomBox 75.56775 100.45525 76.03150 100.69975
<CMD> zoomBox 75.64825 100.53475 75.89025 100.66225
<CMD> selectWire 75.7440 100.5480 75.9600 100.6200 2 CTS_10
<CMD> zoomBox 75.53675 100.48150 76.00050 100.72600
<CMD> deselectAll
<CMD> setDrawView ameba
<CMD> zoomBox 75.28050 100.33375 76.16925 100.80225
<CMD> zoomBox 74.78950 100.05050 76.49250 100.94825
<CMD> zoomBox 73.85825 99.50700 77.12175 101.22725
<CMD> zoomBox 72.15325 98.53125 78.40500 101.82675
<CMD> zoomBox 68.88700 96.66200 80.86350 102.97525
<CMD> zoomBox 62.62950 93.08075 85.57325 105.17525
<CMD> zoomBox 50.64175 86.22000 94.59550 109.38975
<CMD> zoomBox 27.67775 73.07775 111.87950 117.46375
<CMD> zoomBox -32.55550 38.60625 157.21450 138.64125
<CMD> zoomBox -131.70225 -18.13550 231.83850 173.50075
<CMD> zoomBox -321.63550 -126.83400 374.79450 240.28100
<CMD> zoomBox -264.98075 -78.93375 326.98475 233.11400
<CMD> zoomBox -33.05050 32.02675 229.60825 170.48425
<CMD> zoomBox 56.30025 73.78550 193.41000 146.06125
<CMD> zoomBox -33.05125 32.02625 229.60850 170.48425
<CMD> zoomBox -204.22075 -47.84000 298.95350 217.40250
<CMD> ui_view_box
<CMD> ui_view_box
<CMD> dbquery -area {-204.22075 -47.84 298.9535 217.4025} -objType inst
<CMD> dbquery -area {-204.22075 -47.84 298.9535 217.4025} -objType regular
<CMD> dbquery -area {-204.22075 -47.84 298.9535 217.4025} -objType special
<CMD> dbquery -area {-204.22075 -47.84 298.9535 217.4025} -objType bump
<CMD> setDrawView place
<CMD> fit
<CMD> zoomBox -163.31250 -40.06825 334.73200 222.47025
<CMD> zoomBox -207.58200 -60.06575 378.35275 248.80300
<CMD> gui_select -rect {82.71400 140.16475 86.02150 135.83950}
<CMD> zoomBox -129.38375 27.23475 230.45375 216.91900
<CMD> zoomBox -63.78625 107.22375 95.87575 191.38775
<CMD> zoomBox -112.09000 50.81400 193.77275 212.04600
<CMD> zoomBox -150.85800 7.07450 272.48150 230.23300
<CMD> zoomBox -204.51600 -53.07875 381.42100 255.79125
<CMD> zoomBox -238.63875 -90.97300 450.69900 272.40350
<CMD> fit
<CMD> deselectAll
<CMD> gui_select -rect {-0.73150 175.90575 9.42450 165.59350}
<CMD> deselectAll
**ERROR: (IMPSYT-6000):	No Object Selected.
<CMD> selectWire 65.8080 122.4360 65.8800 130.6440 3 {core_w_mem_inst_w_mem[1][5]}
<CMD> deselectAll
<CMD> selectWire 128.2920 49.9200 128.3880 118.9440 5 n_4119
<CMD> deselectAll
<CMD> selectWire 117.0600 91.0080 117.5880 91.1040 4 TIE_LTIEHI_244_NET
<CMD> deselectAll
<CMD> selectWire 117.2160 94.3560 117.2880 97.2360 3 FE_OFN42_core_n_62317
<CMD> deselectAll
<CMD> selectWire 85.3080 89.8560 85.4040 91.4880 5 TIE_LTIEHI_185_NET
<CMD> deselectAll
<CMD> selectWire 109.2960 2.6600 110.2320 169.7800 3 VDD
<CMD> deselectAll
<CMD> selectWire 134.7840 109.4760 137.3400 109.5480 2 core_n_48323
<CMD> deselectAll
<CMD> selectWire 54.5640 103.8720 61.7160 103.9680 4 FE_OFN63_core_n_63032
<CMD> deselectAll
<CMD> selectWire 60.9000 89.4720 60.9960 94.4040 5 {block_reg[2][10]}
<CMD> deselectAll
<CMD> selectWire 58.9560 88.5120 67.9080 88.6080 4 core_n_62765
<CMD> deselectAll
<CMD> selectWire 60.3240 94.2720 66.9000 94.3680 4 {block_reg[2][12]}
<CMD> deselectAll
<CMD> selectWire 5.2200 88.3440 167.2200 88.4160 1 VSS
<CMD> deselectAll
<CMD> selectWire 66.3720 83.5200 69.2040 83.6160 4 {digest_reg[139]}
<CMD> deselectAll
<CMD> selectWire 0.1000 71.8080 172.3400 72.6720 4 VSS
<CMD> deselectAll
<CMD> selectWire 64.5120 65.4840 64.5840 68.5080 3 {core_b_reg[11]}
<CMD> deselectAll
<CMD> selectWire 64.6560 62.7480 64.9800 62.8200 2 FE_OFN67_core_n_1138
<CMD> deselectAll
<CMD> selectWire 66.7320 49.9200 66.8280 97.4400 5 core_n_48727
<CMD> deselectAll
<CMD> selectWire 69.1080 57.4080 73.0920 57.5040 4 {core_digest[12]}
<CMD> deselectAll
<CMD> gui_select -rect {69.57975 55.90800 26.76800 57.00175}
<CMD> deselectAll
<CMD> gui_select -rect {26.76800 57.00175 29.73675 53.56425}
<CMD> deselectAll
<CMD> gui_select -rect {29.73675 53.56425 25.98675 57.47050}
<CMD> deselectAll
<CMD> gui_select -rect {-9.79375 157.00000 1.61225 33.72100}
<CMD> deselectAll
<CMD> gui_select -rect {-15.41875 145.12525 1.76850 25.75225}
<CMD> deselectAll
<CMD> gui_select -rect {185.98375 130.43800 170.98400 28.56475}
<CMD> deselectAll
<CMD> gui_select -rect {-23.38725 147.78125 27.54925 34.65850}
**WARN: (IMPWIN-1481):	You have selected more than 10000 wires/vias, we will temporarily disable the function "Hilite Net When Selecting a Wire". 
<CMD> deselectAll
<CMD> gui_select -rect {-27.44975 152.00000 1.45600 27.78350}
<CMD> deselectAll
<CMD> fit
<CMD> fit
<CMD> fit
<CMD> gui_select -rect {-7.29375 171.21850 194.10875 166.99975}
<CMD> deselectAll
<CMD> gui_select -rect {169.89050 173.24975 -47.60550 124.18800}
**WARN: (IMPWIN-1481):	You have selected more than 10000 wires/vias, we will temporarily disable the function "Hilite Net When Selecting a Wire". 
<CMD> deselectAll
<CMD> gui_select -rect {183.32775 176.99950 -30.26225 132.31300}
**WARN: (IMPWIN-1481):	You have selected more than 10000 wires/vias, we will temporarily disable the function "Hilite Net When Selecting a Wire". 
<CMD> deselectAll
<CMD> gui_select -rect {-10.26250 175.74950 181.14025 166.99975}
<CMD> deselectAll
<CMD> gui_select -rect {179.89025 171.37475 -31.04350 137.46900}
**WARN: (IMPWIN-1481):	You have selected more than 10000 wires/vias, we will temporarily disable the function "Hilite Net When Selecting a Wire". 
<CMD> deselectAll
<CMD> gui_select -rect {-11.66875 169.18725 203.63975 175.74950}
<CMD> deselectAll
**ERROR: (IMPSYT-6000):	No Object Selected.
<CMD> gui_select -rect {176.29650 176.84325 -19.94975 165.12475}
<CMD> deselectAll
<CMD> gui_select -rect {-8.54375 175.12450 179.42150 166.84350}
<CMD> deselectAll
<CMD> gui_select -rect {179.42150 166.84350 -11.20000 174.65575}
<CMD> deselectAll
<CMD> gui_select -rect {51.14250 108.09450 96.61050 74.81400}
**WARN: (IMPWIN-1481):	You have selected more than 10000 wires/vias, we will temporarily disable the function "Hilite Net When Selecting a Wire". 
<CMD> deselectAll
<CMD> selectWire 106.2720 113.3640 106.3440 116.0520 3 TIE_LTIEHI_224_NET
<CMD> gui_select -rect {148.17200 137.46900 -1.98150 31.53350}
<CMD> deselectAll
<CMD> gui_select -rect {-13.07500 128.87550 1.45600 38.56475}
<CMD> deselectAll
<CMD> gui_select -rect {-18.54375 154.81250 1.14350 38.09600}
<CMD> deselectAll
<CMD> gui_select -rect {-24.94975 152.00000 0.67475 34.18975}
<CMD> deselectAll
<CMD> gui_select -rect {-0.10650 39.34575 -23.23100 154.81250}
<CMD> gui_select -rect {-20.88725 154.03125 1.14350 32.15850}
<CMD> gui_select -rect {-39.16825 164.81225 -39.01200 163.40600}
<CMD> deselectAll
<CMD> gui_select -rect {-38.54325 164.65600 2.08100 29.65850}
<CMD> deselectAll
<CMD> zoomBox -112.667 -17.2438 247.17 172.44 main.layout.win
<CMD> zoomBox -124.19275 -39.88150 299.14525 183.27625
<CMD> zoomBox -237.39875 -167.05750 573.58475 260.44325
<CMD> zoomBox -375.351 -87.7348 435.633 339.766 main.layout.win
<CMD> zoomBox -349.485 -98.0812 461.499 329.42 main.layout.win
<CMD> zoomBox -158.60850 15.97025 264.73075 239.12875
<CMD> zoomBox -28.77375 93.48175 130.88875 177.64600
<CMD> zoomBox 20.19300 122.71500 80.41000 154.45775
<CMD> zoomBox 25.3663 91.6758 85.5833 123.419 main.layout.win
<CMD> zoomBox 44.3343 74.4318 104.552 106.175 main.layout.win
<CMD> zoomBox 59.88325 84.72650 86.60250 98.81125
<CMD> zoomBox 68.27000 90.24400 76.83600 94.75950
<CMD> zoomBox 70.69525 91.87275 73.92625 93.57600
<CMD> zoomBox 71.60375 92.48950 72.82250 93.13200
<CMD> zoomBox 71.90825 92.69600 72.44950 92.98125
<CMD> selectWire 71.7120 0.1000 72.6480 172.3400 3 VSS
<CMD> deselectAll
<CMD> selectWire 71.7120 0.1000 72.6480 172.3400 3 VSS
<CMD> zoomBox 71.73625 92.60525 72.61800 93.07000
<CMD> zoomBox 71.45750 92.46375 72.89375 93.22075
<CMD> zoomBox 71.00625 92.25400 73.34525 93.48700
<CMD> zoomBox 70.55775 92.04925 73.79550 93.75600
<CMD> gui_select -rect {72.78600 93.10500 72.04375 92.56250}
<CMD> deselectAll
<CMD> deselectAll
<CMD> zoomBox 69.51225 91.23250 75.71500 94.50225
<CMD> zoomBox 68.57875 90.64500 77.16425 95.17075
<CMD> zoomBox 67.98575 90.28050 78.08650 95.60500
<CMD> zoomBox 64.36700 88.05525 83.71700 98.25550
<CMD> zoomBox 59.61000 85.13025 91.11875 101.73975
<CMD> zoomBox 54.87475 82.21875 98.48625 105.20800
<CMD> zoomBox 44.15375 75.62650 115.16825 113.06100
<CMD> zoomBox 25.34025 60.35450 140.97600 121.31050
<CMD> zoomBox 16.73650 53.39000 152.77850 125.10300
<CMD> zoomBox -19.30375 24.32750 202.21800 141.10025
<CMD> gui_select -rect {61.59050 113.20550 78.90450 81.07875}
<CMD> deselectAll
<CMD> gui_select -rect {123.43975 73.67225 163.35775 69.63225}
<CMD> gui_select -rect {177.59375 121.47775 173.16900 115.22550}
<CMD> deselectAll
<CMD> gui_select -rect {179.51750 122.82450 171.14900 45.48900}
<CMD> deselectAll
<CMD> gui_select -rect {178.84425 123.69025 171.05300 50.20225}
<CMD> zoomBox -34.44150 -14.14575 326.27025 175.99925
<CMD> zoomBox -58.25800 -76.93375 529.10100 232.68575
<CMD> deselectAll
<CMD> gui_select -rect {235.03900 162.03950 140.67375 -22.35500}
**WARN: (IMPWIN-1481):	You have selected more than 10000 wires/vias, we will temporarily disable the function "Hilite Net When Selecting a Wire". 
<CMD> deselectAll
<CMD> gui_select -rect {213.87050 205.39650 -38.36475 -27.20075}
<CMD> gui_select -rect {268.95925 100.31950 268.44925 96.23900}
<CMD> zoomBox -204.70375 -98.97425 608.25000 329.56500
<CMD> fit
<CMD> selectVia 0.2000 0.1000 2.1760 2.2760 7 VSS
<CMD> zoomBox -56.92075 -4.58250 164.06450 111.90725
<CMD> zoomBox -24.35950 -1.00600 73.69300 50.68125
<CMD> zoomBox -43.08600 -10.61025 116.57650 73.55400
<CMD> zoomBox -19.63775 -5.63525 51.20550 31.70900
<CMD> zoomBox -9.23375 -3.42800 22.20000 13.14200
<CMD> zoomBox -0.63925 1.08175 13.30925 8.43450
<CMD> zoomBox 2.63775 2.80125 9.91925 6.63950
<CMD> gui_select -rect {5.49275 5.00500 6.80800 3.83500}
<CMD> deselectAll
<CMD> zoomBox 0.46625 1.43025 12.32325 7.68050
<CMD> selectVia 5.6320 5.3760 6.5360 6.2400 4 VDD
<CMD> deselectAll
<CMD> selectWire 5.6160 2.6600 6.5520 169.7800 3 VDD
<CMD> deselectAll
<CMD> selectWire 5.6160 2.6600 6.5520 169.7800 3 VDD
<CMD> zoomBox -1.83700 -0.82475 17.47000 9.35275
<CMD> zoomBox -5.58775 -4.49650 25.85075 12.07600
<CMD> zoomBox -9.32100 -8.15100 34.19275 14.78675
<CMD> zoomBox -13.39125 -12.43300 57.46375 24.91750
<CMD> zoomBox 1.03600 -0.88075 32.47550 15.69225
<CMD> zoomBox 6.53675 3.52375 22.94850 12.17500
<CMD> gui_select -rect {8.69600 9.18900 10.88375 8.46225}
<CMD> deselectAll
<CMD> deselectAll
<CMD> zoomBox 7.88875 6.06450 16.45600 10.58075
<CMD> zoomBox 8.67775 8.00625 13.15050 10.36400
<CMD> gui_select -rect {9.27775 10.14850 9.74975 9.87450}
<CMD> deselectAll
<CMD> gui_select -rect {9.82950 9.99500 9.23125 10.07450}
<CMD> gui_select -rect {9.25650 10.17550 9.80425 9.86100}
<CMD> deselectAll
<CMD> gui_select -rect {9.74200 9.86875 8.98275 10.12700}
<CMD> zoomBox 6.13425 6.37675 14.70325 10.89375
<CMD> zoomBox 3.83400 4.20625 20.25025 12.86000
<CMD> zoomBox -0.26050 -0.82050 31.18900 15.75775
<CMD> zoomBox 7.21950 4.17275 23.63700 12.82700
<CMD> zoomBox 11.76400 7.20625 19.04900 11.04650
<CMD> gui_select -rect {15.83825 10.41700 14.73125 9.50275}
<CMD> deselectAll
<CMD> deselectAll
<CMD> gui_select -rect {15.57900 10.07850 14.79750 9.95200}
<CMD> gui_select -rect {13.13050 10.01850 13.36150 9.69900}
<CMD> deselectAll
<CMD> deselectAll
<CMD> gui_select -rect {13.25400 9.91400 13.36150 9.76225}
<CMD> gui_select -rect {13.35825 9.76225 13.21900 9.94875}
<CMD> gui_select -rect {13.03875 10.26525 13.41525 9.76850}
<CMD> deselectAll
<CMD> gui_select -rect {14.31350 10.36950 14.54450 9.95200}
<CMD> deselectAll
<CMD> deselectAll
**ERROR: (IMPSYT-6000):	No Object Selected.
<CMD> gui_select -rect {14.30100 10.31900 14.65850 9.89200}
<CMD> zoomBox 10.43125 6.12425 20.51450 11.43950
<CMD> zoomBox 8.80500 4.73500 22.76125 12.09200
<CMD> zoomBox 8.26575 4.00350 24.68525 12.65875
<CMD> zoomBox 7.63175 3.14275 26.94875 13.32550
<CMD> zoomBox 6.00750 0.93900 32.74425 15.03300
<CMD> zoomBox 4.80875 -0.43575 36.26400 16.14550
<CMD> zoomBox 2.66825 -1.61925 39.67475 17.88825
<CMD> zoomBox -1.30000 -3.27950 49.92000 23.72050
<CMD> zoomBox -7.38525 -7.96750 63.50750 29.40275
<CMD> zoomBox -11.04650 -10.69450 72.35675 33.27050
<CMD> zoomBox -26.36050 -21.58175 109.44775 50.00800
<CMD> zoomBox -58.92325 -47.63775 201.24300 89.50600
<CMD> zoomBox -82.80775 -67.42325 277.28450 122.39525
<CMD> zoomBox -116.73875 -89.13050 381.65925 173.59425
<CMD> zoomBox -200.45725 -156.91950 611.10100 270.88400
<CMD> zoomBox -104.59200 -35.21850 393.80650 227.50650

--------------------------------------------------------------------------------
Exiting Innovus on Mon Aug 18 23:23:03 2025
  Total CPU time:     0:03:54
  Total real time:    0:26:55
  Peak memory (main): 2878.65MB


*** Memory Usage v#2 (Current mem = 2830.344M, initial mem = 839.773M) ***
*** Message Summary: 38 warning(s), 10 error(s)

--- Ending "Innovus" (totcpu=0:03:52, real=0:26:53, mem=2830.3M) ---
